#
# A fatal error has been detected by the Java Runtime Environment:
#
#  Internal Error (javaClasses.cpp:126), pid=2544, tid=4280
#  fatal error: Invalid layout of preloaded class
#
# JRE version:  (8.0_31-b13) (build )
# Java VM: Java HotSpot(TM) Client VM (25.31-b07 mixed mode windows-x86 )
# Failed to write core dump. Minidumps are not enabled by default on client versions of Windows
#
# If you would like to submit a bug report, please visit:
#   http://bugreport.java.com/bugreport/crash.jsp
#

---------------  T H R E A D  ---------------

Current thread (0x0021c800):  JavaThread "Unknown thread" [_thread_in_vm, id=4280, stack(0x02620000,0x02670000)]

Stack: [0x02620000,0x02670000],  sp=0x0266f30c,  free space=316k
Native frames: (J=compiled Java code, j=interpreted, Vv=VM code, C=native code)
V  [jvm.dll+0x197b8b]
V  [jvm.dll+0x1909e6]
V  [jvm.dll+0x3b409]
V  [jvm.dll+0x3b5be]
V  [jvm.dll+0x49f63]
V  [jvm.dll+0x9dd9e]
V  [jvm.dll+0x9e062]
V  [jvm.dll+0x145c31]
V  [jvm.dll+0x169cb8]
V  [jvm.dll+0xdb171]
C  [javaw.exe+0x13e4]
C  [javaw.exe+0x1eb7]
C  [javaw.exe+0xaba1]
C  [javaw.exe+0xac2b]
C  [kernel32.dll+0x1336a]
C  [ntdll.dll+0x392b2]
C  [ntdll.dll+0x39285]
C  0x00000000


---------------  P R O C E S S  ---------------

Java Threads: ( => current thread )

Other Threads:

=>0x0021c800 (exited) JavaThread "Unknown thread" [_thread_in_vm, id=4280, stack(0x02620000,0x02670000)]

VM state:not at safepoint (not fully initialized)

VM Mutex/Monitor currently owned by a thread: None

GC Heap History (0 events):
No events

Deoptimization events (0 events):
No events

Internal exceptions (0 events):
No events

Events (10 events):
Event: 0.011 loading class java/lang/CharSequence done
Event: 0.011 loading class java/lang/String done
Event: 0.011 loading class java/lang/Class
Event: 0.011 loading class java/lang/reflect/AnnotatedElement
Event: 0.011 loading class java/lang/reflect/AnnotatedElement done
Event: 0.011 loading class java/lang/reflect/GenericDeclaration
Event: 0.011 loading class java/lang/reflect/GenericDeclaration done
Event: 0.011 loading class java/lang/reflect/Type
Event: 0.011 loading class java/lang/reflect/Type done
Event: 0.011 loading class java/lang/Class done


Dynamic libraries:
0x011c0000 - 0x011f0000 	C:\Program Files (x86)\Java\jre1.8.0_31\bin\javaw.exe
0x77b20000 - 0x77ca0000 	C:\windows\SysWOW64\ntdll.dll
0x75b90000 - 0x75ca0000 	C:\windows\syswow64\kernel32.dll
0x75d40000 - 0x75d87000 	C:\windows\syswow64\KERNELBASE.dll
0x75550000 - 0x755f0000 	C:\windows\syswow64\ADVAPI32.dll
0x75a10000 - 0x75abc000 	C:\windows\syswow64\msvcrt.dll
0x755f0000 - 0x75609000 	C:\windows\SysWOW64\sechost.dll
0x75910000 - 0x75a00000 	C:\windows\syswow64\RPCRT4.dll
0x75020000 - 0x75080000 	C:\windows\syswow64\SspiCli.dll
0x75010000 - 0x7501c000 	C:\windows\syswow64\CRYPTBASE.dll
0x75fe0000 - 0x760e0000 	C:\windows\syswow64\USER32.dll
0x75b00000 - 0x75b90000 	C:\windows\syswow64\GDI32.dll
0x75ac0000 - 0x75aca000 	C:\windows\syswow64\LPK.dll
0x75e10000 - 0x75ead000 	C:\windows\syswow64\USP10.dll
0x70f00000 - 0x7109e000 	C:\windows\WinSxS\x86_microsoft.windows.common-controls_6595b64144ccf1df_6.0.7601.17514_none_41e6975e2bd6f2b2\COMCTL32.dll
0x75cc0000 - 0x75d17000 	C:\windows\syswow64\SHLWAPI.dll
0x758b0000 - 0x75910000 	C:\windows\system32\IMM32.DLL
0x753a0000 - 0x7546c000 	C:\windows\syswow64\MSCTF.dll
0x72dd0000 - 0x72e03000 	C:\Windows\SysWOW64\nvinit.dll
0x0f000000 - 0x0f006000 	C:\Program Files (x86)\NVIDIA Corporation\CoProcManager\_etoured.dll
0x6ee50000 - 0x6ee8c000 	C:\Program Files (x86)\NVIDIA Corporation\CoProcManager\nvd3d9wrap.dll
0x751b0000 - 0x7534d000 	C:\windows\syswow64\SETUPAPI.dll
0x75470000 - 0x75497000 	C:\windows\syswow64\CFGMGR32.dll
0x76240000 - 0x762cf000 	C:\windows\syswow64\OLEAUT32.dll
0x760e0000 - 0x7623c000 	C:\windows\syswow64\ole32.dll
0x75d20000 - 0x75d32000 	C:\windows\syswow64\DEVOBJ.dll
0x6ee10000 - 0x6ee4b000 	C:\Program Files (x86)\NVIDIA Corporation\CoProcManager\nvdxgiwrap.dll
0x5c740000 - 0x5c7ff000 	C:\Program Files (x86)\Java\jre1.8.0_31\bin\msvcr100.dll
0x67a20000 - 0x67dc4000 	C:\Program Files (x86)\Java\jre1.8.0_31\bin\client\jvm.dll
0x716b0000 - 0x716b7000 	C:\windows\system32\WSOCK32.dll
0x76360000 - 0x76395000 	C:\windows\syswow64\WS2_32.dll
0x75cb0000 - 0x75cb6000 	C:\windows\syswow64\NSI.dll
0x774b0000 - 0x774e2000 	C:\windows\syswow64\WINMM.dll
0x762d0000 - 0x762d5000 	C:\windows\syswow64\PSAPI.DLL
0x68830000 - 0x6883c000 	C:\Program Files (x86)\Java\jre1.8.0_31\bin\verify.dll
0x68800000 - 0x68821000 	C:\Program Files (x86)\Java\jre1.8.0_31\bin\java.dll
0x687e0000 - 0x687f3000 	C:\Program Files (x86)\Java\jre1.8.0_31\bin\zip.dll
0x748a0000 - 0x7498b000 	C:\windows\system32\dbghelp.dll

VM Arguments:
jvm_args: -Dfile.encoding=GB18030 -Xbootclasspath:D:\android-sdk\platforms\android-21\android.jar 
java_command: com.ubp.l3info.ftfmyapp.socket.TalkServer
java_class_path (initial): D:\workspace(eclipse)\FtFMyapp\bin\classes;D:\workspace(eclipse)\appcompat_v7\libs\android-support-v4.jar;D:\workspace(eclipse)\appcompat_v7\libs\android-support-v7-appcompat.jar;D:\workspace(eclipse)\appcompat_v7\bin\appcompat_v7.jar
Launcher Type: SUN_STANDARD

Environment Variables:
JAVA_HOME=C:\Program Files (x86)\Java\jdk1.7.0_40\;C:\Program Files\Java\jdk1.8.0_20
CLASSPATH=C:\Program Files (x86)\Java\jdk1.7.0_40\;C:\Program Files\Java\jdk1.8.0_20\lib;C:\Program Files (x86)\Java\jdk1.7.0_40\;C:\Program Files\Java\jdk1.8.0_20\lib\tools.jar
PATH=C:/Program Files (x86)/Java/jre1.8.0_31/bin/client;C:/Program Files (x86)/Java/jre1.8.0_31/bin;C:/Program Files (x86)/Java/jre1.8.0_31/lib/i386;C:\ProgramData\Oracle\Java\javapath;C:\Program Files (x86)\NVIDIA Corporation\PhysX\Common;C:\Program Files (x86)\PC Connectivity Solution\;d:\IBM\ILOG\CPLEX_Studio_Preview126\opl\bin\x64_win64;d:\IBM\ILOG\CPLEX_Studio_Preview126\opl\oplide\;d:\IBM\ILOG\CPLEX_Studio_Preview126\cplex\bin\x64_win64;d:\IBM\ILOG\CPLEX_Studio_Preview126\cpoptimizer\bin\x64_win64;C:\Program Files\Common Files\Microsoft Shared\Windows Live;C:\Program Files (x86)\Common Files\Microsoft Shared\Windows Live;C:\windows\system32;C:\windows;C:\windows\System32\Wbem;C:\windows\System32\WindowsPowerShell\v1.0\;C:\Program Files\Intel\WiFi\bin\;C:\Program Files\Common Files\Intel\WirelessCommon\;c:\Program Files (x86)\Common Files\Roxio Shared\DLLShared\;c:\Program Files (x86)\Common Files\Roxio Shared\OEM\DLLShared\;c:\Program Files (x86)\Common Files\Roxio Shared\OEM\DLLShared\;c:\Program Files (x86)\Common Files\Roxio Shared\OEM\12.0\DLLShared\;c:\Program Files (x86)\Roxio\OEM\AudioCore\;C:\Program Files (x86)\Windows Live\Shared;D:\QuickTime\QTSystem\;D:\android-sdk\platform-tools;C:\Program Files (x86)\Java\jdk1.7.0_40\;C:\Program Files\Java\jdk1.8.0_20\bin;C:\Program Files (x86)\Java\jdk1.7.0_40\;C:\Program Files\Java\jdk1.8.0_20\jre\bin;F:\apk;D:\Eclipse;
USERNAME=dell
OS=Windows_NT
PROCESSOR_IDENTIFIER=Intel64 Family 6 Model 42 Stepping 7, GenuineIntel



---------------  S Y S T E M  ---------------

OS: Windows 7 , 64 bit Build 7601 Service Pack 1

CPU:total 4 (2 cores per cpu, 2 threads per core) family 6 model 42 stepping 7, cmov, cx8, fxsr, mmx, sse, sse2, sse3, ssse3, sse4.1, sse4.2, popcnt, avx, aes, clmul, ht, tsc, tscinvbit

Memory: 4k page, physical 4098096k(2152968k free), swap 8194340k(5353352k free)

vm_info: Java HotSpot(TM) Client VM (25.31-b07) for windows-x86 JRE (1.8.0_31-b13), built on Dec 17 2014 20:46:12 by "java_re" with MS VC++ 10.0 (VS2010)

time: Thu May 07 16:55:17 2015
elapsed time: 0 seconds (0d 0h 0m 0s)

